Detecting compiler hash for triplet x64-linux...
Compiler found: /usr/bin/c++
The following packages will be built and installed:
    fmt:x64-linux@12.1.0
  * vcpkg-cmake:x64-linux@2024-04-23
  * vcpkg-cmake-config:x64-linux@2024-05-23
Additional packages (*) will be modified to complete this operation.
Restored 3 package(s) from /home/asmel/.cache/vcpkg/archives in 13.2 ms. Use --debug to see more details.
Installing 1/3 vcpkg-cmake-config:x64-linux@2024-05-23...
vcpkg-cmake-config:x64-linux@2024-05-23 package ABI: 938b5e1dc7ceacf08654bef246055524d658786b56f39c96f3b23d2de8d063d3
Elapsed time to handle vcpkg-cmake-config:x64-linux: 1.32 ms
Installing 2/3 vcpkg-cmake:x64-linux@2024-04-23...
vcpkg-cmake:x64-linux@2024-04-23 package ABI: f7cbaf4a1eecbbb1579be1e8dbbd016626910498335b8370236a4219615937b6
Elapsed time to handle vcpkg-cmake:x64-linux: 1.12 ms
Installing 3/3 fmt:x64-linux@12.1.0...
fmt:x64-linux@12.1.0 package ABI: e19e0e090d40221e10cca54b0bfb3229a360f288764d3d2e890ed961c0d29eff
Elapsed time to handle fmt:x64-linux: 2.35 ms
Installed contents are licensed to you by owners. Microsoft is not responsible for, nor does it grant any licenses to, third-party packages.
Packages installed in this vcpkg installation declare the following licenses:
MIT
The package fmt provides CMake targets:

    find_package(fmt CONFIG REQUIRED)
    target_link_libraries(main PRIVATE fmt::fmt)

    # Or use the header-only version
    find_package(fmt CONFIG REQUIRED)
    target_link_libraries(main PRIVATE fmt::fmt-header-only)

All requested installations completed successfully in: 5.06 ms
